<?xml version="1.0" encoding="UTF-8"?>
<testng-results ignored="0" total="0" passed="0" failed="0" skipped="0">
  <reporter-output>
  </reporter-output>
  <suite started-at="2021-06-21T11:18:07 IST" name="Default suite" finished-at="2021-06-21T11:19:37 IST" duration-ms="89724">
    <groups>
    </groups>
    <test started-at="2021-06-21T11:18:07 IST" name="Default test" finished-at="2021-06-21T11:19:37 IST" duration-ms="89724">
      <class name="test1.NewTest">
        <test-method is-config="true" signature="beforeTest()[pri:0, instance:test1.NewTest@378542de]" started-at="2021-06-21T11:18:07 IST" name="beforeTest" finished-at="2021-06-21T11:19:37 IST" duration-ms="89681" status="PASS">
          <reporter-output>
          </reporter-output>
        </test-method> <!-- beforeTest -->
      </class> <!-- test1.NewTest -->
    </test> <!-- Default test -->
  </suite> <!-- Default suite -->
</testng-results>
